<?xml version="1.0" encoding="UTF-8"?>
<robot generator="Robot 7.5 (Python 3.14.7 on win32)" generated="2026-09-24T15:06:32.802133" rpa="false" schemaversion="5">
<suite id="s1" name="Tests" source="C:\Users\Utilisateur\Desktop\Formation Qa\Rebot framwork\E2E_labQA\tests">
<suite id="s1-s1" name="E2E labQA" source="C:\Users\Utilisateur\Desktop\Formation Qa\Rebot framwork\E2E_labQA\tests\E2E_labQA.robot">
<test id="s1-s1-t1" name="test E2E" line="19">
<kw name="init Navigateur" owner="keywords" type="SETUP">
<kw name="Open Browser" owner="SeleniumLibrary">
<msg time="2026-09-24T15:06:42.245686" level="INFO">Opening browser 'firefox' to base url 'https://ssid-testing-agency.github.io/Lab.qa/#/login'.</msg>
<arg>${URL}</arg>
<arg>${nav}</arg>
<doc>Opens a new browser instance to the optional ``url``.</doc>
<status status="PASS" start="2026-09-24T15:06:42.244183" elapsed="44.877215"/>
</kw>
<kw name="Set Selenium Implicit Wait" owner="SeleniumLibrary">
<arg>10s</arg>
<doc>Sets the implicit wait value used by Selenium.</doc>
<status status="PASS" start="2026-09-24T15:07:27.124544" elapsed="0.047460"/>
</kw>
<status status="PASS" start="2026-09-24T15:06:42.223008" elapsed="44.949738"/>
</kw>
<kw name="Generer Profil" owner="datafake">
<msg time="2026-09-24T15:07:27.179001" level="INFO">${profil} = {'prenom': 'Émile', 'nom': 'Buisson', 'email': 'lucfoucher@example.org', 'adresse': '9, rue David', 'code_postal': '45433', 'card_number': '4759927358038692', 'Date_expiration': '05/27', 'cryptograme'...</msg>
<var>${profil}</var>
<status status="PASS" start="2026-09-24T15:07:27.176288" elapsed="0.003384"/>
</kw>
<kw name="Choisir un compte dispo et se connecter" owner="loginPage">
<kw name="Input Text" owner="SeleniumLibrary">
<msg time="2026-09-24T15:07:27.191970" level="INFO">Typing text 'jean_dupont' into text field 'id=username'.</msg>
<arg>${l_username}</arg>
<arg>jean_dupont</arg>
<doc>Types the given ``text`` into the text field identified by ``locator``.</doc>
<status status="PASS" start="2026-09-24T15:07:27.185005" elapsed="0.832457"/>
</kw>
<kw name="Input Text" owner="SeleniumLibrary">
<msg time="2026-09-24T15:07:28.019941" level="INFO">Typing text 'Baguette42!' into text field 'id=password'.</msg>
<arg>${l_password}</arg>
<arg>Baguette42!</arg>
<doc>Types the given ``text`` into the text field identified by ``locator``.</doc>
<status status="PASS" start="2026-09-24T15:07:28.018595" elapsed="0.337880"/>
</kw>
<kw name="Click Button" owner="SeleniumLibrary">
<msg time="2026-09-24T15:07:28.370406" level="INFO">Clicking button 'css=[data-testid="login-submit"]'.</msg>
<arg>${l_btn_login}</arg>
<doc>Clicks the button identified by ``locator``.</doc>
<status status="PASS" start="2026-09-24T15:07:28.363709" elapsed="0.918599"/>
</kw>
<status status="PASS" start="2026-09-24T15:07:27.181194" elapsed="2.101796"/>
</kw>
<kw name="isDisplayed Tous les produits" owner="homePage">
<kw name="Element Should Contain" owner="SeleniumLibrary">
<msg time="2026-09-24T15:07:30.684072" level="INFO">Element 'css=.text-xl.font-medium.text-fg' contains text 'Tous les produits'.</msg>
<arg>${l_tousproduit}</arg>
<arg>Tous les produits</arg>
<doc>Verifies that element ``locator`` contains text ``expected``.</doc>
<status status="PASS" start="2026-09-24T15:07:29.287298" elapsed="1.397227"/>
</kw>
<status status="PASS" start="2026-09-24T15:07:29.285286" elapsed="1.404637"/>
</kw>
<kw name="choisir Vetement" owner="homePage">
<kw name="Click Element" owner="SeleniumLibrary">
<msg time="2026-09-24T15:07:30.945434" level="INFO">Clicking element 'css=[data-testid="sidebar-category-clothing"]'.</msg>
<arg>${l_vetement}</arg>
<doc>Click the element identified by ``locator``.</doc>
<status status="PASS" start="2026-09-24T15:07:30.850845" elapsed="0.739029"/>
</kw>
<status status="PASS" start="2026-09-24T15:07:30.691772" elapsed="0.900500"/>
</kw>
<kw name="click add to favoris" owner="homePage">
<kw name="Click Element" owner="SeleniumLibrary">
<msg time="2026-09-24T15:07:31.723150" level="INFO">Clicking element 'css=[data-testid="wishlist-btn-sauce-bolt-shirt"]'.</msg>
<arg>${l_like}</arg>
<doc>Click the element identified by ``locator``.</doc>
<status status="PASS" start="2026-09-24T15:07:31.692616" elapsed="0.289169"/>
</kw>
<status status="PASS" start="2026-09-24T15:07:31.646223" elapsed="0.336569"/>
</kw>
<kw name="isDisplayed wish count" owner="homePage">
<kw name="Element Text Should Be" owner="SeleniumLibrary">
<msg time="2026-09-24T15:07:32.080955" level="INFO">Verifying element 'css=[data-testid="wishlist-count"]' contains exact text '1'.</msg>
<arg>${l_wish_count}</arg>
<arg>1</arg>
<doc>Verifies that element ``locator`` contains exact the text ``expected``.</doc>
<status status="PASS" start="2026-09-24T15:07:32.039423" elapsed="0.239911"/>
</kw>
<status status="PASS" start="2026-09-24T15:07:32.017136" elapsed="0.267096"/>
</kw>
<kw name="click wishlist" owner="homePage">
<kw name="Click Element" owner="SeleniumLibrary">
<msg time="2026-09-24T15:07:32.316573" level="INFO">Clicking element 'css=[href="#/wishlist"]'.</msg>
<arg>${l_wish_link}</arg>
<doc>Click the element identified by ``locator``.</doc>
<status status="PASS" start="2026-09-24T15:07:32.301930" elapsed="1.514114"/>
</kw>
<status status="PASS" start="2026-09-24T15:07:32.285722" elapsed="1.530959"/>
</kw>
<kw name="isDisplayed ma wishlist" owner="wishlistPage">
<kw name="Element Should Contain" owner="SeleniumLibrary">
<msg time="2026-09-24T15:07:34.680528" level="INFO">Element 'css=.text-xl.font-medium.text-fg' contains text 'Ma wishlist'.</msg>
<arg>${l_mywishlist}</arg>
<arg>Ma wishlist</arg>
<doc>Verifies that element ``locator`` contains text ``expected``.</doc>
<status status="PASS" start="2026-09-24T15:07:33.977072" elapsed="0.704367"/>
</kw>
<status status="PASS" start="2026-09-24T15:07:33.817999" elapsed="0.867954"/>
</kw>
<kw name="click Choisir taille" owner="wishlistPage">
<kw name="Click Element" owner="SeleniumLibrary">
<msg time="2026-09-24T15:07:34.916691" level="INFO">Clicking element 'css=[data-testid="wishlist-choose-size-sauce-bolt-shirt"]'.</msg>
<arg>${l_choisirtaille}</arg>
<doc>Click the element identified by ``locator``.</doc>
<status status="PASS" start="2026-09-24T15:07:34.915486" elapsed="0.304183"/>
</kw>
<status status="PASS" start="2026-09-24T15:07:34.687476" elapsed="0.532783"/>
</kw>
<kw name="isDisplayed retour au catalogue" owner="productPage">
<kw name="Element Should Contain" owner="SeleniumLibrary">
<msg time="2026-09-24T15:07:35.648277" level="INFO">Element 'css=[data-testid="product-detail-back"]' contains text 'Retour au catalogue'.</msg>
<arg>${detail-back}</arg>
<arg>Retour au catalogue</arg>
<doc>Verifies that element ``locator`` contains text ``expected``.</doc>
<status status="PASS" start="2026-09-24T15:07:35.311091" elapsed="0.337649"/>
</kw>
<status status="PASS" start="2026-09-24T15:07:35.221219" elapsed="0.428039"/>
</kw>
<kw name="click S taille" owner="productPage">
<kw name="Click Element" owner="SeleniumLibrary">
<msg time="2026-09-24T15:07:35.663538" level="INFO">Clicking element 'css=[data-testid="size-btn-S"]'.</msg>
<arg>${size-btn}</arg>
<doc>Click the element identified by ``locator``.</doc>
<status status="PASS" start="2026-09-24T15:07:35.658993" elapsed="0.152498"/>
</kw>
<status status="PASS" start="2026-09-24T15:07:35.650239" elapsed="0.161760"/>
</kw>
<kw name="click add to cart" owner="productPage">
<kw name="Click Element" owner="SeleniumLibrary">
<msg time="2026-09-24T15:07:35.838929" level="INFO">Clicking element 'css=[data-testid="product-detail-add-to-cart"]'.</msg>
<arg>${add-to-cart}</arg>
<doc>Click the element identified by ``locator``.</doc>
<status status="PASS" start="2026-09-24T15:07:35.818685" elapsed="0.719065"/>
</kw>
<status status="PASS" start="2026-09-24T15:07:35.812809" elapsed="0.725525"/>
</kw>
<kw name="isDisplayed cart count" owner="productPage">
<kw name="Element Text Should Be" owner="SeleniumLibrary">
<msg time="2026-09-24T15:07:36.551491" level="INFO">Verifying element 'css=[data-testid="cart-count"]' contains exact text '1'.</msg>
<arg>${cart-count}</arg>
<arg>1</arg>
<doc>Verifies that element ``locator`` contains exact the text ``expected``.</doc>
<status status="PASS" start="2026-09-24T15:07:36.544118" elapsed="0.427069"/>
</kw>
<status status="PASS" start="2026-09-24T15:07:36.542415" elapsed="0.429305"/>
</kw>
<kw name="click cart" owner="productPage">
<kw name="Click Element" owner="SeleniumLibrary">
<msg time="2026-09-24T15:07:37.070460" level="INFO">Clicking element 'css=[href="#/cart"]'.</msg>
<arg>${cart-link}</arg>
<doc>Click the element identified by ``locator``.</doc>
<status status="PASS" start="2026-09-24T15:07:37.038264" elapsed="0.779694"/>
</kw>
<status status="PASS" start="2026-09-24T15:07:36.975922" elapsed="0.845294"/>
</kw>
<kw name="isDisplayed Panier" owner="cartPage">
<kw name="Element Should Contain" owner="SeleniumLibrary">
<msg time="2026-09-24T15:07:38.207167" level="INFO">Element 'css=.text-xl.font-medium.text-fg' contains text 'Panier'.</msg>
<arg>${l_panier}</arg>
<arg>Panier</arg>
<doc>Verifies that element ``locator`` contains text ``expected``.</doc>
<status status="PASS" start="2026-09-24T15:07:37.837896" elapsed="0.369660"/>
</kw>
<status status="PASS" start="2026-09-24T15:07:37.836155" elapsed="0.372308"/>
</kw>
<kw name="Saisir code promo" owner="cartPage">
<kw name="Input Text" owner="SeleniumLibrary">
<msg time="2026-09-24T15:07:38.286857" level="INFO">Typing text 'SALIM10' into text field 'id=promo-input'.</msg>
<arg>${promo-input}</arg>
<arg>SALIM10</arg>
<doc>Types the given ``text`` into the text field identified by ``locator``.</doc>
<status status="PASS" start="2026-09-24T15:07:38.262494" elapsed="0.786654"/>
</kw>
<kw name="Click Button" owner="SeleniumLibrary">
<msg time="2026-09-24T15:07:39.052512" level="INFO">Clicking button 'css=[data-testid="cart-promo-apply"]'.</msg>
<arg>${promo-apply}</arg>
<doc>Clicks the button identified by ``locator``.</doc>
<status status="PASS" start="2026-09-24T15:07:39.050079" elapsed="2.099265"/>
</kw>
<status status="PASS" start="2026-09-24T15:07:38.210197" elapsed="2.939649"/>
</kw>
<kw name="isDisplayed code promo invalid" owner="cartPage">
<kw name="Element Should Contain" owner="SeleniumLibrary">
<msg time="2026-09-24T15:07:43.331668" level="INFO">Element 'css=[data-testid="cart-promo-error"]' contains text 'invalide'.</msg>
<arg>${cart-promo-error}</arg>
<arg>invalide</arg>
<doc>Verifies that element ``locator`` contains text ``expected``.</doc>
<status status="PASS" start="2026-09-24T15:07:41.152033" elapsed="2.180034"/>
</kw>
<status status="PASS" start="2026-09-24T15:07:41.150584" elapsed="2.181936"/>
</kw>
<kw name="click commander" owner="cartPage">
<kw name="Click Element" owner="SeleniumLibrary">
<msg time="2026-09-24T15:07:43.345104" level="INFO">Clicking element 'css=[data-testid="cart-checkout-button"]'.</msg>
<arg>${cart-checkout-button}</arg>
<doc>Click the element identified by ``locator``.</doc>
<status status="PASS" start="2026-09-24T15:07:43.337550" elapsed="0.749202"/>
</kw>
<status status="PASS" start="2026-09-24T15:07:43.333410" elapsed="0.753814"/>
</kw>
<kw name="Location Should Contain" owner="SeleniumLibrary">
<msg time="2026-09-24T15:07:44.095906" level="INFO">Current location contains 'checkout/info'.</msg>
<arg>checkout/info</arg>
<doc>Verifies that the current URL contains ``expected``.</doc>
<status status="PASS" start="2026-09-24T15:07:44.088381" elapsed="0.008937"/>
</kw>
<kw name="Remplire formulaire et continuer" owner="checkoutPage">
<kw name="Input Text" owner="SeleniumLibrary">
<msg time="2026-09-24T15:07:44.107377" level="INFO">Typing text 'Émile' into text field 'id=first-name'.</msg>
<arg>${first-name}</arg>
<arg>${fn}</arg>
<doc>Types the given ``text`` into the text field identified by ``locator``.</doc>
<status status="PASS" start="2026-09-24T15:07:44.105934" elapsed="0.169517"/>
</kw>
<kw name="Input Text" owner="SeleniumLibrary">
<msg time="2026-09-24T15:07:44.278496" level="INFO">Typing text 'Buisson' into text field 'id=last-name'.</msg>
<arg>${last-name}</arg>
<arg>${ln}</arg>
<doc>Types the given ``text`` into the text field identified by ``locator``.</doc>
<status status="PASS" start="2026-09-24T15:07:44.276653" elapsed="0.380105"/>
</kw>
<kw name="Input Text" owner="SeleniumLibrary">
<msg time="2026-09-24T15:07:44.659811" level="INFO">Typing text 'lucfoucher@example.org' into text field 'id=email'.</msg>
<arg>${email}</arg>
<arg>${em}</arg>
<doc>Types the given ``text`` into the text field identified by ``locator``.</doc>
<status status="PASS" start="2026-09-24T15:07:44.657725" elapsed="0.723895"/>
</kw>
<kw name="Input Text" owner="SeleniumLibrary">
<msg time="2026-09-24T15:07:45.388913" level="INFO">Typing text '45433' into text field 'id=postal-code'.</msg>
<arg>${postal-code}</arg>
<arg>${codeP}</arg>
<doc>Types the given ``text`` into the text field identified by ``locator``.</doc>
<status status="PASS" start="2026-09-24T15:07:45.382826" elapsed="0.351454"/>
</kw>
<kw name="Click Element" owner="SeleniumLibrary">
<msg time="2026-09-24T15:07:45.755254" level="INFO">Clicking element 'css=[data-testid="delivery-pickup"]'.</msg>
<arg>${delivery-pickup}</arg>
<doc>Click the element identified by ``locator``.</doc>
<status status="PASS" start="2026-09-24T15:07:45.737056" elapsed="0.440084"/>
</kw>
<kw name="Click Element" owner="SeleniumLibrary">
<msg time="2026-09-24T15:07:46.183445" level="INFO">Clicking element 'css=[data-testid="checkout-continue"]'.</msg>
<arg>${checkout-continue}</arg>
<doc>Click the element identified by ``locator``.</doc>
<status status="PASS" start="2026-09-24T15:07:46.178159" elapsed="0.448700"/>
</kw>
<arg>${profil}[prenom]</arg>
<arg>${profil}[nom]</arg>
<arg>${profil}[email]</arg>
<arg>${profil}[code_postal]</arg>
<status status="PASS" start="2026-09-24T15:07:44.101088" elapsed="2.526671"/>
</kw>
<kw name="Location Should Contain" owner="SeleniumLibrary">
<msg time="2026-09-24T15:07:46.675249" level="INFO">Current location contains 'checkout/review'.</msg>
<arg>checkout/review</arg>
<doc>Verifies that the current URL contains ``expected``.</doc>
<status status="PASS" start="2026-09-24T15:07:46.629793" elapsed="0.046031"/>
</kw>
<kw name="click checkout finish" owner="checkoutPage">
<kw name="Click Element" owner="SeleniumLibrary">
<msg time="2026-09-24T15:07:46.683572" level="INFO">Clicking element 'css=[data-testid="checkout-finish"]'.</msg>
<arg>${checkout-finish}</arg>
<doc>Click the element identified by ``locator``.</doc>
<status status="PASS" start="2026-09-24T15:07:46.681829" elapsed="0.232431"/>
</kw>
<status status="PASS" start="2026-09-24T15:07:46.677173" elapsed="0.238051"/>
</kw>
<kw name="Location Should Contain" owner="SeleniumLibrary">
<msg time="2026-09-24T15:07:46.956245" level="INFO">Current location contains 'checkout/payment'.</msg>
<arg>checkout/payment</arg>
<doc>Verifies that the current URL contains ``expected``.</doc>
<status status="PASS" start="2026-09-24T15:07:46.917301" elapsed="0.039392"/>
</kw>
<kw name="remplir le moyen de payement" owner="checkoutPage">
<kw name="Input Text" owner="SeleniumLibrary">
<msg time="2026-09-24T15:07:46.965314" level="INFO">Typing text '4759927358038692' into text field 'id=card-number'.</msg>
<arg>${card-number}</arg>
<arg>${c_n}</arg>
<doc>Types the given ``text`` into the text field identified by ``locator``.</doc>
<status status="PASS" start="2026-09-24T15:07:46.961756" elapsed="0.381796"/>
</kw>
<kw name="Input Text" owner="SeleniumLibrary">
<msg time="2026-09-24T15:07:47.347381" level="INFO">Typing text '05/27' into text field 'id=card-expiry'.</msg>
<arg>${card-expiry}</arg>
<arg>${date}</arg>
<doc>Types the given ``text`` into the text field identified by ``locator``.</doc>
<status status="PASS" start="2026-09-24T15:07:47.344637" elapsed="0.361569"/>
</kw>
<kw name="Input Text" owner="SeleniumLibrary">
<msg time="2026-09-24T15:07:47.734671" level="INFO">Typing text '873' into text field 'id=card-cvc'.</msg>
<arg>${card-cvc}</arg>
<arg>${cvc}</arg>
<doc>Types the given ``text`` into the text field identified by ``locator``.</doc>
<status status="PASS" start="2026-09-24T15:07:47.707393" elapsed="0.679987"/>
</kw>
<kw name="Input Text" owner="SeleniumLibrary">
<msg time="2026-09-24T15:07:48.389909" level="INFO">Typing text 'Émile' into text field 'id=card-name'.</msg>
<arg>${card-name}</arg>
<arg>${fullname}</arg>
<doc>Types the given ``text`` into the text field identified by ``locator``.</doc>
<status status="PASS" start="2026-09-24T15:07:48.388548" elapsed="0.382641"/>
</kw>
<kw name="Click Element" owner="SeleniumLibrary">
<msg time="2026-09-24T15:07:48.774242" level="INFO">Clicking element 'css=[data-testid="payment-submit"]'.</msg>
<arg>${payment-submit}</arg>
<doc>Click the element identified by ``locator``.</doc>
<status status="PASS" start="2026-09-24T15:07:48.772894" elapsed="0.297055"/>
</kw>
<arg>${profil}[card_number]</arg>
<arg>${profil}[Date_expiration]</arg>
<arg>${profil}[cryptograme]</arg>
<arg>${profil}[prenom]</arg>
<status status="PASS" start="2026-09-24T15:07:46.957953" elapsed="2.113537"/>
</kw>
<kw name="isDisplayed Confirmation" owner="checkoutPage">
<kw name="Wait Until Element Is Visible" owner="SeleniumLibrary">
<arg>${confirmation-title}</arg>
<doc>Waits until the element ``locator`` is visible.</doc>
<status status="PASS" start="2026-09-24T15:07:49.074883" elapsed="1.811622"/>
</kw>
<status status="PASS" start="2026-09-24T15:07:49.072765" elapsed="1.818836"/>
</kw>
<kw name="click Retour catalogue" owner="checkoutPage">
<kw name="Click Element" owner="SeleniumLibrary">
<msg time="2026-09-24T15:07:50.900461" level="INFO">Clicking element 'css=[data-testid="confirmation-home"]'.</msg>
<arg>${retour-catalog}</arg>
<doc>Click the element identified by ``locator``.</doc>
<status status="PASS" start="2026-09-24T15:07:50.895214" elapsed="0.290408"/>
</kw>
<status status="PASS" start="2026-09-24T15:07:50.892627" elapsed="0.293642"/>
</kw>
<kw name="click Deconnecter" owner="homePage">
<kw name="Click Button" owner="SeleniumLibrary">
<msg time="2026-09-24T15:07:51.222833" level="INFO">Clicking button 'css=[data-testid="logout-button"]'.</msg>
<arg>${logout-button}</arg>
<doc>Clicks the button identified by ``locator``.</doc>
<status status="PASS" start="2026-09-24T15:07:51.193007" elapsed="0.515936"/>
</kw>
<status status="PASS" start="2026-09-24T15:07:51.190123" elapsed="0.519303"/>
</kw>
<kw name="Location Should Contain" owner="SeleniumLibrary">
<msg time="2026-09-24T15:07:51.741273" level="INFO">Current location contains 'login'.</msg>
<arg>login</arg>
<doc>Verifies that the current URL contains ``expected``.</doc>
<status status="PASS" start="2026-09-24T15:07:51.710101" elapsed="0.032579"/>
</kw>
<kw name="fermer Navigateur" owner="keywords" type="TEARDOWN">
<kw name="Close Browser" owner="SeleniumLibrary">
<doc>Closes the current browser.</doc>
<status status="PASS" start="2026-09-24T15:07:51.751452" elapsed="7.356052"/>
</kw>
<status status="PASS" start="2026-09-24T15:07:51.744505" elapsed="7.363434"/>
</kw>
<doc>test du parcour achat dun produit</doc>
<status status="PASS" start="2026-09-24T15:06:42.218004" elapsed="76.890613"/>
</test>
<doc>teste du site web https://ssid-testing-agency.github.io/Lab.qa/#/login</doc>
<status status="PASS" start="2026-09-24T15:06:33.313690" elapsed="85.903684"/>
</suite>
<status status="PASS" start="2026-09-24T15:06:32.811787" elapsed="86.486972"/>
</suite>
<statistics>
<total>
<stat pass="1" fail="0" skip="0">All Tests</stat>
</total>
<tag>
</tag>
<suite>
<stat name="Tests" id="s1" pass="1" fail="0" skip="0">Tests</stat>
<stat name="E2E labQA" id="s1-s1" pass="1" fail="0" skip="0">Tests.E2E labQA</stat>
</suite>
</statistics>
<errors>
</errors>
</robot>
