<?xml version="1.0" encoding="UTF-8"?>
<robot generator="Robot 7.5 (Python 3.14.7 on win32)" generated="2026-09-24T15:09:43.565276" rpa="false" schemaversion="5">
<suite id="s1" name="Tests" source="C:\Users\Utilisateur\Desktop\Formation Qa\Rebot framwork\E2E_labQA\tests">
<suite id="s1-s1" name="E2E labQA" source="C:\Users\Utilisateur\Desktop\Formation Qa\Rebot framwork\E2E_labQA\tests\E2E_labQA.robot">
<test id="s1-s1-t1" name="test E2E" line="19">
<kw name="init Navigateur" owner="keywords" type="SETUP">
<kw name="Open Browser" owner="SeleniumLibrary">
<msg time="2026-09-24T15:09:45.679926" level="INFO">Opening browser 'chrome' to base url 'https://ssid-testing-agency.github.io/Lab.qa/#/login'.</msg>
<arg>${URL}</arg>
<arg>${nav}</arg>
<doc>Opens a new browser instance to the optional ``url``.</doc>
<status status="PASS" start="2026-09-24T15:09:45.679232" elapsed="4.170517"/>
</kw>
<kw name="Set Selenium Implicit Wait" owner="SeleniumLibrary">
<arg>10s</arg>
<doc>Sets the implicit wait value used by Selenium.</doc>
<status status="PASS" start="2026-09-24T15:09:49.860572" elapsed="0.005581"/>
</kw>
<status status="PASS" start="2026-09-24T15:09:45.676956" elapsed="4.190369"/>
</kw>
<kw name="Generer Profil" owner="datafake">
<msg time="2026-09-24T15:09:49.872758" level="INFO">${profil} = {'prenom': 'Geneviève', 'nom': 'Louis', 'email': 'nathalie50@example.org', 'adresse': 'avenue Susan Lesage', 'code_postal': '36226', 'card_number': '4659343252316500', 'Date_expiration': '01/35', 'cry...</msg>
<var>${profil}</var>
<status status="PASS" start="2026-09-24T15:09:49.870317" elapsed="0.002720"/>
</kw>
<kw name="Choisir un compte dispo et se connecter" owner="loginPage">
<kw name="Input Text" owner="SeleniumLibrary">
<msg time="2026-09-24T15:09:49.914142" level="INFO">Typing text 'jean_dupont' into text field 'id=username'.</msg>
<arg>${l_username}</arg>
<arg>jean_dupont</arg>
<doc>Types the given ``text`` into the text field identified by ``locator``.</doc>
<status status="PASS" start="2026-09-24T15:09:49.900432" elapsed="0.420780"/>
</kw>
<kw name="Input Text" owner="SeleniumLibrary">
<msg time="2026-09-24T15:09:50.329396" level="INFO">Typing text 'Baguette42!' into text field 'id=password'.</msg>
<arg>${l_password}</arg>
<arg>Baguette42!</arg>
<doc>Types the given ``text`` into the text field identified by ``locator``.</doc>
<status status="PASS" start="2026-09-24T15:09:50.327307" elapsed="0.276140"/>
</kw>
<kw name="Click Button" owner="SeleniumLibrary">
<msg time="2026-09-24T15:09:50.611445" level="INFO">Clicking button 'css=[data-testid="login-submit"]'.</msg>
<arg>${l_btn_login}</arg>
<doc>Clicks the button identified by ``locator``.</doc>
<status status="PASS" start="2026-09-24T15:09:50.609998" elapsed="0.264465"/>
</kw>
<status status="PASS" start="2026-09-24T15:09:49.896755" elapsed="0.985626"/>
</kw>
<kw name="isDisplayed Tous les produits" owner="homePage">
<kw name="Element Should Contain" owner="SeleniumLibrary">
<msg time="2026-09-24T15:09:51.264718" level="INFO">Element 'css=.text-xl.font-medium.text-fg' contains text 'Tous les produits'.</msg>
<arg>${l_tousproduit}</arg>
<arg>Tous les produits</arg>
<doc>Verifies that element ``locator`` contains text ``expected``.</doc>
<status status="PASS" start="2026-09-24T15:09:50.895654" elapsed="0.369575"/>
</kw>
<status status="PASS" start="2026-09-24T15:09:50.888608" elapsed="0.384337"/>
</kw>
<kw name="choisir Vetement" owner="homePage">
<kw name="Click Element" owner="SeleniumLibrary">
<msg time="2026-09-24T15:09:51.278642" level="INFO">Clicking element 'css=[data-testid="sidebar-category-clothing"]'.</msg>
<arg>${l_vetement}</arg>
<doc>Click the element identified by ``locator``.</doc>
<status status="PASS" start="2026-09-24T15:09:51.277283" elapsed="0.689570"/>
</kw>
<status status="PASS" start="2026-09-24T15:09:51.275516" elapsed="0.698132"/>
</kw>
<kw name="click add to favoris" owner="homePage">
<kw name="Click Element" owner="SeleniumLibrary">
<msg time="2026-09-24T15:09:51.981033" level="INFO">Clicking element 'css=[data-testid="wishlist-btn-sauce-bolt-shirt"]'.</msg>
<arg>${l_like}</arg>
<doc>Click the element identified by ``locator``.</doc>
<status status="PASS" start="2026-09-24T15:09:51.979449" elapsed="0.506962"/>
</kw>
<status status="PASS" start="2026-09-24T15:09:51.977527" elapsed="0.514730"/>
</kw>
<kw name="isDisplayed wish count" owner="homePage">
<kw name="Element Text Should Be" owner="SeleniumLibrary">
<msg time="2026-09-24T15:09:52.500442" level="INFO">Verifying element 'css=[data-testid="wishlist-count"]' contains exact text '1'.</msg>
<arg>${l_wish_count}</arg>
<arg>1</arg>
<doc>Verifies that element ``locator`` contains exact the text ``expected``.</doc>
<status status="PASS" start="2026-09-24T15:09:52.499076" elapsed="0.123869"/>
</kw>
<status status="PASS" start="2026-09-24T15:09:52.497475" elapsed="0.135949"/>
</kw>
<kw name="click wishlist" owner="homePage">
<kw name="Click Element" owner="SeleniumLibrary">
<msg time="2026-09-24T15:09:52.654274" level="INFO">Clicking element 'css=[href="#/wishlist"]'.</msg>
<arg>${l_wish_link}</arg>
<doc>Click the element identified by ``locator``.</doc>
<status status="PASS" start="2026-09-24T15:09:52.652766" elapsed="0.244525"/>
</kw>
<status status="PASS" start="2026-09-24T15:09:52.649769" elapsed="0.254447"/>
</kw>
<kw name="isDisplayed ma wishlist" owner="wishlistPage">
<kw name="Element Should Contain" owner="SeleniumLibrary">
<msg time="2026-09-24T15:09:53.003781" level="INFO">Element 'css=.text-xl.font-medium.text-fg' contains text 'Ma wishlist'.</msg>
<arg>${l_mywishlist}</arg>
<arg>Ma wishlist</arg>
<doc>Verifies that element ``locator`` contains text ``expected``.</doc>
<status status="PASS" start="2026-09-24T15:09:52.910996" elapsed="0.093600"/>
</kw>
<status status="PASS" start="2026-09-24T15:09:52.908543" elapsed="0.102528"/>
</kw>
<kw name="click Choisir taille" owner="wishlistPage">
<kw name="Click Element" owner="SeleniumLibrary">
<msg time="2026-09-24T15:09:53.018105" level="INFO">Clicking element 'css=[data-testid="wishlist-choose-size-sauce-bolt-shirt"]'.</msg>
<arg>${l_choisirtaille}</arg>
<doc>Click the element identified by ``locator``.</doc>
<status status="PASS" start="2026-09-24T15:09:53.016862" elapsed="0.205170"/>
</kw>
<status status="PASS" start="2026-09-24T15:09:53.015155" elapsed="0.214674"/>
</kw>
<kw name="isDisplayed retour au catalogue" owner="productPage">
<kw name="Element Should Contain" owner="SeleniumLibrary">
<msg time="2026-09-24T15:09:53.466240" level="INFO">Element 'css=[data-testid="product-detail-back"]' contains text 'Retour au catalogue'.</msg>
<arg>${detail-back}</arg>
<arg>Retour au catalogue</arg>
<doc>Verifies that element ``locator`` contains text ``expected``.</doc>
<status status="PASS" start="2026-09-24T15:09:53.235434" elapsed="0.231265"/>
</kw>
<status status="PASS" start="2026-09-24T15:09:53.233436" elapsed="0.241185"/>
</kw>
<kw name="click S taille" owner="productPage">
<kw name="Click Element" owner="SeleniumLibrary">
<msg time="2026-09-24T15:09:53.484136" level="INFO">Clicking element 'css=[data-testid="size-btn-S"]'.</msg>
<arg>${size-btn}</arg>
<doc>Click the element identified by ``locator``.</doc>
<status status="PASS" start="2026-09-24T15:09:53.482747" elapsed="0.331568"/>
</kw>
<status status="PASS" start="2026-09-24T15:09:53.480817" elapsed="0.341438"/>
</kw>
<kw name="click add to cart" owner="productPage">
<kw name="Click Element" owner="SeleniumLibrary">
<msg time="2026-09-24T15:09:53.847519" level="INFO">Clicking element 'css=[data-testid="product-detail-add-to-cart"]'.</msg>
<arg>${add-to-cart}</arg>
<doc>Click the element identified by ``locator``.</doc>
<status status="PASS" start="2026-09-24T15:09:53.846126" elapsed="0.386209"/>
</kw>
<status status="PASS" start="2026-09-24T15:09:53.843301" elapsed="0.396363"/>
</kw>
<kw name="isDisplayed cart count" owner="productPage">
<kw name="Element Text Should Be" owner="SeleniumLibrary">
<msg time="2026-09-24T15:09:54.256677" level="INFO">Verifying element 'css=[data-testid="cart-count"]' contains exact text '1'.</msg>
<arg>${cart-count}</arg>
<arg>1</arg>
<doc>Verifies that element ``locator`` contains exact the text ``expected``.</doc>
<status status="PASS" start="2026-09-24T15:09:54.254988" elapsed="0.091742"/>
</kw>
<status status="PASS" start="2026-09-24T15:09:54.250421" elapsed="0.101736"/>
</kw>
<kw name="click cart" owner="productPage">
<kw name="Click Element" owner="SeleniumLibrary">
<msg time="2026-09-24T15:09:54.356866" level="INFO">Clicking element 'css=[href="#/cart"]'.</msg>
<arg>${cart-link}</arg>
<doc>Click the element identified by ``locator``.</doc>
<status status="PASS" start="2026-09-24T15:09:54.355532" elapsed="0.267768"/>
</kw>
<status status="PASS" start="2026-09-24T15:09:54.353786" elapsed="0.275512"/>
</kw>
<kw name="isDisplayed Panier" owner="cartPage">
<kw name="Element Should Contain" owner="SeleniumLibrary">
<msg time="2026-09-24T15:09:54.700394" level="INFO">Element 'css=.text-xl.font-medium.text-fg' contains text 'Panier'.</msg>
<arg>${l_panier}</arg>
<arg>Panier</arg>
<doc>Verifies that element ``locator`` contains text ``expected``.</doc>
<status status="PASS" start="2026-09-24T15:09:54.633357" elapsed="0.067483"/>
</kw>
<status status="PASS" start="2026-09-24T15:09:54.631503" elapsed="0.077255"/>
</kw>
<kw name="Saisir code promo" owner="cartPage">
<kw name="Input Text" owner="SeleniumLibrary">
<msg time="2026-09-24T15:09:54.716500" level="INFO">Typing text 'SALIM10' into text field 'id=promo-input'.</msg>
<arg>${promo-input}</arg>
<arg>SALIM10</arg>
<doc>Types the given ``text`` into the text field identified by ``locator``.</doc>
<status status="PASS" start="2026-09-24T15:09:54.714873" elapsed="0.297898"/>
</kw>
<kw name="Click Button" owner="SeleniumLibrary">
<msg time="2026-09-24T15:09:55.022700" level="INFO">Clicking button 'css=[data-testid="cart-promo-apply"]'.</msg>
<arg>${promo-apply}</arg>
<doc>Clicks the button identified by ``locator``.</doc>
<status status="PASS" start="2026-09-24T15:09:55.021343" elapsed="0.268970"/>
</kw>
<status status="PASS" start="2026-09-24T15:09:54.712463" elapsed="0.586001"/>
</kw>
<kw name="isDisplayed code promo invalid" owner="cartPage">
<kw name="Element Should Contain" owner="SeleniumLibrary">
<msg time="2026-09-24T15:09:55.472845" level="INFO">Element 'css=[data-testid="cart-promo-error"]' contains text 'invalide'.</msg>
<arg>${cart-promo-error}</arg>
<arg>invalide</arg>
<doc>Verifies that element ``locator`` contains text ``expected``.</doc>
<status status="PASS" start="2026-09-24T15:09:55.317272" elapsed="0.156045"/>
</kw>
<status status="PASS" start="2026-09-24T15:09:55.315467" elapsed="0.165875"/>
</kw>
<kw name="click commander" owner="cartPage">
<kw name="Click Element" owner="SeleniumLibrary">
<msg time="2026-09-24T15:09:55.486873" level="INFO">Clicking element 'css=[data-testid="cart-checkout-button"]'.</msg>
<arg>${cart-checkout-button}</arg>
<doc>Click the element identified by ``locator``.</doc>
<status status="PASS" start="2026-09-24T15:09:55.485710" elapsed="0.317187"/>
</kw>
<status status="PASS" start="2026-09-24T15:09:55.483289" elapsed="0.327844"/>
</kw>
<kw name="Location Should Contain" owner="SeleniumLibrary">
<msg time="2026-09-24T15:09:55.859915" level="INFO">Current location contains 'checkout/info'.</msg>
<arg>checkout/info</arg>
<doc>Verifies that the current URL contains ``expected``.</doc>
<status status="PASS" start="2026-09-24T15:09:55.813535" elapsed="0.046749"/>
</kw>
<kw name="Remplire formulaire et continuer" owner="checkoutPage">
<kw name="Input Text" owner="SeleniumLibrary">
<msg time="2026-09-24T15:09:55.875455" level="INFO">Typing text 'Geneviève' into text field 'id=first-name'.</msg>
<arg>${first-name}</arg>
<arg>${fn}</arg>
<doc>Types the given ``text`` into the text field identified by ``locator``.</doc>
<status status="PASS" start="2026-09-24T15:09:55.873605" elapsed="0.362470"/>
</kw>
<kw name="Input Text" owner="SeleniumLibrary">
<msg time="2026-09-24T15:09:56.246344" level="INFO">Typing text 'Louis' into text field 'id=last-name'.</msg>
<arg>${last-name}</arg>
<arg>${ln}</arg>
<doc>Types the given ``text`` into the text field identified by ``locator``.</doc>
<status status="PASS" start="2026-09-24T15:09:56.244122" elapsed="0.203673"/>
</kw>
<kw name="Input Text" owner="SeleniumLibrary">
<msg time="2026-09-24T15:09:56.457196" level="INFO">Typing text 'nathalie50@example.org' into text field 'id=email'.</msg>
<arg>${email}</arg>
<arg>${em}</arg>
<doc>Types the given ``text`` into the text field identified by ``locator``.</doc>
<status status="PASS" start="2026-09-24T15:09:56.455702" elapsed="0.422146"/>
</kw>
<kw name="Input Text" owner="SeleniumLibrary">
<msg time="2026-09-24T15:09:56.884575" level="INFO">Typing text '36226' into text field 'id=postal-code'.</msg>
<arg>${postal-code}</arg>
<arg>${codeP}</arg>
<doc>Types the given ``text`` into the text field identified by ``locator``.</doc>
<status status="PASS" start="2026-09-24T15:09:56.883298" elapsed="0.203820"/>
</kw>
<kw name="Click Element" owner="SeleniumLibrary">
<msg time="2026-09-24T15:09:57.096868" level="INFO">Clicking element 'css=[data-testid="delivery-pickup"]'.</msg>
<arg>${delivery-pickup}</arg>
<doc>Click the element identified by ``locator``.</doc>
<status status="PASS" start="2026-09-24T15:09:57.094914" elapsed="0.207458"/>
</kw>
<kw name="Click Element" owner="SeleniumLibrary">
<msg time="2026-09-24T15:09:57.312176" level="INFO">Clicking element 'css=[data-testid="checkout-continue"]'.</msg>
<arg>${checkout-continue}</arg>
<doc>Click the element identified by ``locator``.</doc>
<status status="PASS" start="2026-09-24T15:09:57.310595" elapsed="0.358603"/>
</kw>
<arg>${profil}[prenom]</arg>
<arg>${profil}[nom]</arg>
<arg>${profil}[email]</arg>
<arg>${profil}[code_postal]</arg>
<status status="PASS" start="2026-09-24T15:09:55.870374" elapsed="1.807441"/>
</kw>
<kw name="Location Should Contain" owner="SeleniumLibrary">
<msg time="2026-09-24T15:09:57.712241" level="INFO">Current location contains 'checkout/review'.</msg>
<arg>checkout/review</arg>
<doc>Verifies that the current URL contains ``expected``.</doc>
<status status="PASS" start="2026-09-24T15:09:57.680740" elapsed="0.032006"/>
</kw>
<kw name="click checkout finish" owner="checkoutPage">
<kw name="Click Element" owner="SeleniumLibrary">
<msg time="2026-09-24T15:09:57.732681" level="INFO">Clicking element 'css=[data-testid="checkout-finish"]'.</msg>
<arg>${checkout-finish}</arg>
<doc>Click the element identified by ``locator``.</doc>
<status status="PASS" start="2026-09-24T15:09:57.731186" elapsed="0.220251"/>
</kw>
<status status="PASS" start="2026-09-24T15:09:57.728492" elapsed="0.229886"/>
</kw>
<kw name="Location Should Contain" owner="SeleniumLibrary">
<msg time="2026-09-24T15:09:57.977704" level="INFO">Current location contains 'checkout/payment'.</msg>
<arg>checkout/payment</arg>
<doc>Verifies that the current URL contains ``expected``.</doc>
<status status="PASS" start="2026-09-24T15:09:57.960587" elapsed="0.017470"/>
</kw>
<kw name="remplir le moyen de payement" owner="checkoutPage">
<kw name="Input Text" owner="SeleniumLibrary">
<msg time="2026-09-24T15:09:57.990157" level="INFO">Typing text '4659343252316500' into text field 'id=card-number'.</msg>
<arg>${card-number}</arg>
<arg>${c_n}</arg>
<doc>Types the given ``text`` into the text field identified by ``locator``.</doc>
<status status="PASS" start="2026-09-24T15:09:57.988881" elapsed="0.518909"/>
</kw>
<kw name="Input Text" owner="SeleniumLibrary">
<msg time="2026-09-24T15:09:58.517114" level="INFO">Typing text '01/35' into text field 'id=card-expiry'.</msg>
<arg>${card-expiry}</arg>
<arg>${date}</arg>
<doc>Types the given ``text`` into the text field identified by ``locator``.</doc>
<status status="PASS" start="2026-09-24T15:09:58.515355" elapsed="0.189632"/>
</kw>
<kw name="Input Text" owner="SeleniumLibrary">
<msg time="2026-09-24T15:09:58.712370" level="INFO">Typing text '008' into text field 'id=card-cvc'.</msg>
<arg>${card-cvc}</arg>
<arg>${cvc}</arg>
<doc>Types the given ``text`` into the text field identified by ``locator``.</doc>
<status status="PASS" start="2026-09-24T15:09:58.711183" elapsed="0.277999"/>
</kw>
<kw name="Input Text" owner="SeleniumLibrary">
<msg time="2026-09-24T15:09:58.997060" level="INFO">Typing text 'Geneviève' into text field 'id=card-name'.</msg>
<arg>${card-name}</arg>
<arg>${fullname}</arg>
<doc>Types the given ``text`` into the text field identified by ``locator``.</doc>
<status status="PASS" start="2026-09-24T15:09:58.995652" elapsed="0.358149"/>
</kw>
<kw name="Click Element" owner="SeleniumLibrary">
<msg time="2026-09-24T15:09:59.362732" level="INFO">Clicking element 'css=[data-testid="payment-submit"]'.</msg>
<arg>${payment-submit}</arg>
<doc>Click the element identified by ``locator``.</doc>
<status status="PASS" start="2026-09-24T15:09:59.361398" elapsed="0.372460"/>
</kw>
<arg>${profil}[card_number]</arg>
<arg>${profil}[Date_expiration]</arg>
<arg>${profil}[cryptograme]</arg>
<arg>${profil}[prenom]</arg>
<status status="PASS" start="2026-09-24T15:09:57.986364" elapsed="1.754363"/>
</kw>
<kw name="isDisplayed Confirmation" owner="checkoutPage">
<kw name="Wait Until Element Is Visible" owner="SeleniumLibrary">
<arg>${confirmation-title}</arg>
<doc>Waits until the element ``locator`` is visible.</doc>
<status status="PASS" start="2026-09-24T15:09:59.747815" elapsed="1.534448"/>
</kw>
<status status="PASS" start="2026-09-24T15:09:59.746236" elapsed="1.536980"/>
</kw>
<kw name="click Retour catalogue" owner="checkoutPage">
<kw name="Click Element" owner="SeleniumLibrary">
<msg time="2026-09-24T15:10:01.287976" level="INFO">Clicking element 'css=[data-testid="confirmation-home"]'.</msg>
<arg>${retour-catalog}</arg>
<doc>Click the element identified by ``locator``.</doc>
<status status="PASS" start="2026-09-24T15:10:01.287017" elapsed="0.178213"/>
</kw>
<status status="PASS" start="2026-09-24T15:10:01.285406" elapsed="0.186370"/>
</kw>
<kw name="click Deconnecter" owner="homePage">
<kw name="Click Button" owner="SeleniumLibrary">
<msg time="2026-09-24T15:10:01.477280" level="INFO">Clicking button 'css=[data-testid="logout-button"]'.</msg>
<arg>${logout-button}</arg>
<doc>Clicks the button identified by ``locator``.</doc>
<status status="PASS" start="2026-09-24T15:10:01.475474" elapsed="0.278614"/>
</kw>
<status status="PASS" start="2026-09-24T15:10:01.473399" elapsed="0.286950"/>
</kw>
<kw name="Location Should Contain" owner="SeleniumLibrary">
<msg time="2026-09-24T15:10:01.782214" level="INFO">Current location contains 'login'.</msg>
<arg>login</arg>
<doc>Verifies that the current URL contains ``expected``.</doc>
<status status="PASS" start="2026-09-24T15:10:01.762184" elapsed="0.020283"/>
</kw>
<kw name="fermer Navigateur" owner="keywords" type="TEARDOWN">
<kw name="Close Browser" owner="SeleniumLibrary">
<doc>Closes the current browser.</doc>
<status status="PASS" start="2026-09-24T15:10:01.796291" elapsed="2.730456"/>
</kw>
<status status="PASS" start="2026-09-24T15:10:01.793854" elapsed="2.733449"/>
</kw>
<doc>test du parcour achat dun produit</doc>
<status status="PASS" start="2026-09-24T15:09:45.675037" elapsed="18.852940"/>
</test>
<doc>teste du site web https://ssid-testing-agency.github.io/Lab.qa/#/login</doc>
<status status="PASS" start="2026-09-24T15:09:43.822933" elapsed="20.711141"/>
</suite>
<suite id="s1-s2" name="Loginwithjdd" source="C:\Users\Utilisateur\Desktop\Formation Qa\Rebot framwork\E2E_labQA\tests\loginwithjdd.robot">
<test id="s1-s2-t1" name="login valide" line="14">
<kw name="init Navigateur" owner="keywords" type="SETUP">
<kw name="Open Browser" owner="SeleniumLibrary">
<msg time="2026-09-24T15:10:04.551124" level="INFO">Opening browser 'chrome' to base url 'https://ssid-testing-agency.github.io/Lab.qa/#/login'.</msg>
<arg>${URL}</arg>
<arg>${nav}</arg>
<doc>Opens a new browser instance to the optional ``url``.</doc>
<status status="PASS" start="2026-09-24T15:10:04.550595" elapsed="3.621114"/>
</kw>
<kw name="Set Selenium Implicit Wait" owner="SeleniumLibrary">
<arg>10s</arg>
<doc>Sets the implicit wait value used by Selenium.</doc>
<status status="PASS" start="2026-09-24T15:10:08.179660" elapsed="0.007685"/>
</kw>
<status status="PASS" start="2026-09-24T15:10:04.549728" elapsed="3.639086"/>
</kw>
<kw name="data driven test" owner="keywords">
<kw name="Se connecter" owner="loginPage">
<kw name="Input Text" owner="SeleniumLibrary">
<msg time="2026-09-24T15:10:08.212930" level="INFO">Typing text 'jean_dupont' into text field 'id=username'.</msg>
<arg>${l_username}</arg>
<arg>${username}</arg>
<doc>Types the given ``text`` into the text field identified by ``locator``.</doc>
<status status="PASS" start="2026-09-24T15:10:08.211040" elapsed="0.570152"/>
</kw>
<kw name="Input Text" owner="SeleniumLibrary">
<msg time="2026-09-24T15:10:08.791340" level="INFO">Typing text 'Baguette42!' into text field 'id=password'.</msg>
<arg>${l_password}</arg>
<arg>${password}</arg>
<doc>Types the given ``text`` into the text field identified by ``locator``.</doc>
<status status="PASS" start="2026-09-24T15:10:08.789473" elapsed="0.298470"/>
</kw>
<kw name="Click Button" owner="SeleniumLibrary">
<msg time="2026-09-24T15:10:09.096894" level="INFO">Clicking button 'css=[data-testid="login-submit"]'.</msg>
<arg>${l_btn_login}</arg>
<doc>Clicks the button identified by ``locator``.</doc>
<status status="PASS" start="2026-09-24T15:10:09.095500" elapsed="0.357228"/>
</kw>
<arg>${user-name}</arg>
<arg>${pass-word}</arg>
<status status="PASS" start="2026-09-24T15:10:08.203652" elapsed="1.257366"/>
</kw>
<if>
<branch type="IF" condition="&quot;${result}&quot; == &quot;OK&quot;">
<kw name="Location Should Contain" owner="SeleniumLibrary">
<msg time="2026-09-24T15:10:09.736896" level="INFO">Current location contains '/catalog'.</msg>
<arg>/catalog</arg>
<doc>Verifies that the current URL contains ``expected``.</doc>
<status status="PASS" start="2026-09-24T15:10:09.463231" elapsed="0.274050"/>
</kw>
<status status="PASS" start="2026-09-24T15:10:09.462056" elapsed="0.282122"/>
</branch>
<branch type="ELSE">
<kw name="get mssg error" owner="loginPage">
<var>${mssg}</var>
<status status="NOT RUN" start="2026-09-24T15:10:09.746002" elapsed="0.000358"/>
</kw>
<kw name="Should Contain" owner="BuiltIn">
<arg>${mssg}</arg>
<arg>ne correspondent à aucun utilisateur de ce service</arg>
<doc>Fails if the `container` does not contain the `item` one or more times.</doc>
<status status="NOT RUN" start="2026-09-24T15:10:09.747567" elapsed="0.000346"/>
</kw>
<status status="NOT RUN" start="2026-09-24T15:10:09.745027" elapsed="0.003869"/>
</branch>
<status status="PASS" start="2026-09-24T15:10:09.461900" elapsed="0.287810"/>
</if>
<arg>jean_dupont</arg>
<arg>Baguette42!</arg>
<arg>OK</arg>
<status status="PASS" start="2026-09-24T15:10:08.195870" elapsed="1.554217"/>
</kw>
<kw name="fermer Navigateur" owner="keywords" type="TEARDOWN">
<kw name="Close Browser" owner="SeleniumLibrary">
<doc>Closes the current browser.</doc>
<status status="PASS" start="2026-09-24T15:10:09.754771" elapsed="3.019665"/>
</kw>
<status status="PASS" start="2026-09-24T15:10:09.751968" elapsed="3.022915"/>
</kw>
<status status="PASS" start="2026-09-24T15:10:04.548854" elapsed="8.226581"/>
</test>
<test id="s1-s2-t2" name="login invalide" line="15">
<kw name="init Navigateur" owner="keywords" type="SETUP">
<kw name="Open Browser" owner="SeleniumLibrary">
<msg time="2026-09-24T15:10:12.785461" level="INFO">Opening browser 'chrome' to base url 'https://ssid-testing-agency.github.io/Lab.qa/#/login'.</msg>
<arg>${URL}</arg>
<arg>${nav}</arg>
<doc>Opens a new browser instance to the optional ``url``.</doc>
<status status="PASS" start="2026-09-24T15:10:12.784869" elapsed="3.506684"/>
</kw>
<kw name="Set Selenium Implicit Wait" owner="SeleniumLibrary">
<arg>10s</arg>
<doc>Sets the implicit wait value used by Selenium.</doc>
<status status="PASS" start="2026-09-24T15:10:16.302491" elapsed="0.017695"/>
</kw>
<status status="PASS" start="2026-09-24T15:10:12.783443" elapsed="3.537886"/>
</kw>
<kw name="data driven test" owner="keywords">
<kw name="Se connecter" owner="loginPage">
<kw name="Input Text" owner="SeleniumLibrary">
<msg time="2026-09-24T15:10:16.343570" level="INFO">Typing text 'FAKE' into text field 'id=username'.</msg>
<arg>${l_username}</arg>
<arg>${username}</arg>
<doc>Types the given ``text`` into the text field identified by ``locator``.</doc>
<status status="PASS" start="2026-09-24T15:10:16.338309" elapsed="0.352514"/>
</kw>
<kw name="Input Text" owner="SeleniumLibrary">
<msg time="2026-09-24T15:10:16.699229" level="INFO">Typing text 'FAKE' into text field 'id=password'.</msg>
<arg>${l_password}</arg>
<arg>${password}</arg>
<doc>Types the given ``text`` into the text field identified by ``locator``.</doc>
<status status="PASS" start="2026-09-24T15:10:16.697492" elapsed="0.322669"/>
</kw>
<kw name="Click Button" owner="SeleniumLibrary">
<msg time="2026-09-24T15:10:17.029035" level="INFO">Clicking button 'css=[data-testid="login-submit"]'.</msg>
<arg>${l_btn_login}</arg>
<doc>Clicks the button identified by ``locator``.</doc>
<status status="PASS" start="2026-09-24T15:10:17.027762" elapsed="0.395659"/>
</kw>
<arg>${user-name}</arg>
<arg>${pass-word}</arg>
<status status="PASS" start="2026-09-24T15:10:16.334436" elapsed="1.094561"/>
</kw>
<if>
<branch type="IF" condition="&quot;${result}&quot; == &quot;OK&quot;">
<kw name="Location Should Contain" owner="SeleniumLibrary">
<arg>/catalog</arg>
<doc>Verifies that the current URL contains ``expected``.</doc>
<status status="NOT RUN" start="2026-09-24T15:10:17.431808" elapsed="0.000505"/>
</kw>
<status status="NOT RUN" start="2026-09-24T15:10:17.430092" elapsed="0.003672"/>
</branch>
<branch type="ELSE">
<kw name="get mssg error" owner="loginPage">
<kw name="Get Text" owner="SeleniumLibrary">
<msg time="2026-09-24T15:10:17.510804" level="INFO">${mssg} = Le nom d'utilisateur et le mot de passe ne correspondent à aucun utilisateur de ce service</msg>
<var>${mssg}</var>
<arg>${login-error}</arg>
<doc>Returns the text value of the element identified by ``locator``.</doc>
<status status="PASS" start="2026-09-24T15:10:17.436676" elapsed="0.074495"/>
</kw>
<return>
<value>${mssg}</value>
<status status="PASS" start="2026-09-24T15:10:17.518521" elapsed="0.000415"/>
</return>
<msg time="2026-09-24T15:10:17.519683" level="INFO">${mssg} = Le nom d'utilisateur et le mot de passe ne correspondent à aucun utilisateur de ce service</msg>
<var>${mssg}</var>
<status status="PASS" start="2026-09-24T15:10:17.435354" elapsed="0.084508"/>
</kw>
<kw name="Should Contain" owner="BuiltIn">
<arg>${mssg}</arg>
<arg>ne correspondent à aucun utilisateur de ce service</arg>
<doc>Fails if the `container` does not contain the `item` one or more times.</doc>
<status status="PASS" start="2026-09-24T15:10:17.526368" elapsed="0.002543"/>
</kw>
<status status="PASS" start="2026-09-24T15:10:17.434462" elapsed="0.095243"/>
</branch>
<status status="PASS" start="2026-09-24T15:10:17.429923" elapsed="0.100744"/>
</if>
<arg>FAKE</arg>
<arg>FAKE</arg>
<arg>KO</arg>
<status status="PASS" start="2026-09-24T15:10:16.330045" elapsed="1.201053"/>
</kw>
<kw name="fermer Navigateur" owner="keywords" type="TEARDOWN">
<kw name="Close Browser" owner="SeleniumLibrary">
<doc>Closes the current browser.</doc>
<status status="PASS" start="2026-09-24T15:10:17.536190" elapsed="3.040604"/>
</kw>
<status status="PASS" start="2026-09-24T15:10:17.534745" elapsed="3.042341"/>
</kw>
<status status="PASS" start="2026-09-24T15:10:12.782226" elapsed="7.795236"/>
</test>
<doc>teste login avec des idf valid et non valide du site web https://ssid-testing-agency.github.io/Lab.qa/#/login</doc>
<status status="PASS" start="2026-09-24T15:10:04.541181" elapsed="16.041430"/>
</suite>
<status status="PASS" start="2026-09-24T15:09:43.763864" elapsed="36.827301"/>
</suite>
<statistics>
<total>
<stat pass="3" fail="0" skip="0">All Tests</stat>
</total>
<tag>
</tag>
<suite>
<stat name="Tests" id="s1" pass="3" fail="0" skip="0">Tests</stat>
<stat name="E2E labQA" id="s1-s1" pass="1" fail="0" skip="0">Tests.E2E labQA</stat>
<stat name="Loginwithjdd" id="s1-s2" pass="2" fail="0" skip="0">Tests.Loginwithjdd</stat>
</suite>
</statistics>
<errors>
</errors>
</robot>
